<?xml version="1.0" encoding="UTF-8"?>
<!-- Generated by org.testng.reporters.JUnitReportReporter -->
<testsuite hostname="LAPTOP-83K3QJ4L" failures="0" tests="2" name="testcases.aiconfigLoginPageTest" time="51.678" errors="0" timestamp="21 Jan 2022 12:07:05 GMT" skipped="0">
  <testcase classname="testcases.aiconfigLoginPageTest" name="TC1" time="23.880"/>
  <testcase classname="testcases.aiconfigLoginPageTest" name="TC2" time="27.798"/>
</testsuite> <!-- testcases.aiconfigLoginPageTest -->
