<?xml version="1.0" encoding="UTF-8"?>
<!-- Generated by org.testng.reporters.JUnitReportReporter -->
<testsuite hostname="LAPTOP-83K3QJ4L" failures="0" tests="2" name="testcases.aiconfigLoginPageTest" time="75.756" errors="0" timestamp="19 Jan 2022 16:27:46 GMT" skipped="0">
  <testcase classname="testcases.aiconfigLoginPageTest" name="TC1" time="28.242"/>
  <testcase classname="testcases.aiconfigLoginPageTest" name="TC2" time="47.514"/>
</testsuite> <!-- testcases.aiconfigLoginPageTest -->
