<?xml version="1.0" encoding="UTF-8"?>
<!-- Generated by org.testng.reporters.JUnitReportReporter -->
<testsuite hostname="LAPTOP-83K3QJ4L" failures="0" tests="2" name="testcases.aiconfigLoginPageTest" time="165.119" errors="0" timestamp="23 Jan 2022 06:59:29 GMT" skipped="0">
  <testcase classname="testcases.aiconfigLoginPageTest" name="TC1" time="70.049"/>
  <testcase classname="testcases.aiconfigLoginPageTest" name="TC2" time="95.070"/>
</testsuite> <!-- testcases.aiconfigLoginPageTest -->
